2020-04-30 10:56:57.455 [restartedMain] INFO  xyz.worldzhile.blog.BlogApplication - Starting BlogApplication on WIN7-2020USUYFG with PID 1408 (D:\IdeaProjects\blog\target\classes started by Administrator in D:\IdeaProjects\blog)
2020-04-30 10:56:57.463 [restartedMain] INFO  xyz.worldzhile.blog.BlogApplication - The following profiles are active: dev
2020-04-30 10:56:57.514 [restartedMain] INFO  o.s.b.d.env.DevToolsPropertyDefaultsPostProcessor - Devtools property defaults active! Set 'spring.devtools.add-properties' to 'false' to disable
2020-04-30 10:56:57.515 [restartedMain] INFO  o.s.b.d.env.DevToolsPropertyDefaultsPostProcessor - For additional web related logging consider setting the 'logging.level.web' property to 'DEBUG'
2020-04-30 10:56:58.880 [restartedMain] INFO  o.s.boot.web.embedded.tomcat.TomcatWebServer - Tomcat initialized with port(s): 8080 (http)
2020-04-30 10:56:58.887 [restartedMain] INFO  org.apache.catalina.core.StandardService - Starting service [Tomcat]
2020-04-30 10:56:58.887 [restartedMain] INFO  org.apache.catalina.core.StandardEngine - Starting Servlet engine: [Apache Tomcat/9.0.33]
2020-04-30 10:56:58.888 [restartedMain] INFO  org.apache.catalina.core.AprLifecycleListener - Loaded APR based Apache Tomcat Native library [1.2.23] using APR version [1.7.0].
2020-04-30 10:56:58.889 [restartedMain] INFO  org.apache.catalina.core.AprLifecycleListener - APR capabilities: IPv6 [true], sendfile [true], accept filters [false], random [true].
2020-04-30 10:56:58.889 [restartedMain] INFO  org.apache.catalina.core.AprLifecycleListener - APR/OpenSSL configuration: useAprConnector [false], useOpenSSL [true]
2020-04-30 10:56:58.896 [restartedMain] INFO  org.apache.catalina.core.AprLifecycleListener - OpenSSL successfully initialized [OpenSSL 1.1.1c  28 May 2019]
2020-04-30 10:56:58.975 [restartedMain] INFO  o.a.c.c.ContainerBase.[Tomcat].[localhost].[/blog] - Initializing Spring embedded WebApplicationContext
2020-04-30 10:56:58.975 [restartedMain] INFO  org.springframework.web.context.ContextLoader - Root WebApplicationContext: initialization completed in 1460 ms
2020-04-30 10:56:59.910 [restartedMain] INFO  o.s.scheduling.concurrent.ThreadPoolTaskExecutor - Initializing ExecutorService 'applicationTaskExecutor'
2020-04-30 10:56:59.995 [restartedMain] INFO  o.s.b.a.web.servlet.WelcomePageHandlerMapping - Adding welcome page template: index
2020-04-30 10:57:00.343 [restartedMain] INFO  o.s.b.d.autoconfigure.OptionalLiveReloadServer - LiveReload server is running on port 35729
2020-04-30 10:57:00.438 [restartedMain] INFO  o.s.boot.web.embedded.tomcat.TomcatWebServer - Tomcat started on port(s): 8080 (http) with context path '/blog'
2020-04-30 10:57:00.441 [restartedMain] INFO  xyz.worldzhile.blog.BlogApplication - Started BlogApplication in 3.484 seconds (JVM running for 4.25)
2020-04-30 10:57:30.850 [http-nio-8080-exec-4] INFO  org.apache.tomcat.util.http.parser.Cookie - A cookie header was received [1585748025] that contained an invalid cookie. That cookie will be ignored.
 Note: further occurrences of this error will be logged at DEBUG level.
2020-04-30 10:58:48.360 [Thread-11] INFO  o.s.scheduling.concurrent.ThreadPoolTaskExecutor - Shutting down ExecutorService 'applicationTaskExecutor'
2020-04-30 10:58:48.361 [Thread-11] INFO  com.alibaba.druid.pool.DruidDataSource - {dataSource-0} closing ...
2020-04-30 10:58:49.209 [restartedMain] INFO  xyz.worldzhile.blog.BlogApplication - Starting BlogApplication on WIN7-2020USUYFG with PID 1408 (D:\IdeaProjects\blog\target\classes started by Administrator in D:\IdeaProjects\blog)
2020-04-30 10:58:49.210 [restartedMain] INFO  xyz.worldzhile.blog.BlogApplication - The following profiles are active: dev
2020-04-30 10:58:49.715 [restartedMain] INFO  o.s.boot.web.embedded.tomcat.TomcatWebServer - Tomcat initialized with port(s): 8080 (http)
2020-04-30 10:58:49.716 [restartedMain] INFO  org.apache.catalina.core.StandardService - Starting service [Tomcat]
2020-04-30 10:58:49.716 [restartedMain] INFO  org.apache.catalina.core.StandardEngine - Starting Servlet engine: [Apache Tomcat/9.0.33]
2020-04-30 10:58:49.716 [restartedMain] INFO  org.apache.catalina.core.AprLifecycleListener - Loaded APR based Apache Tomcat Native library [1.2.23] using APR version [1.7.0].
2020-04-30 10:58:49.716 [restartedMain] INFO  org.apache.catalina.core.AprLifecycleListener - APR capabilities: IPv6 [true], sendfile [true], accept filters [false], random [true].
2020-04-30 10:58:49.716 [restartedMain] INFO  org.apache.catalina.core.AprLifecycleListener - APR/OpenSSL configuration: useAprConnector [false], useOpenSSL [true]
2020-04-30 10:58:49.716 [restartedMain] INFO  org.apache.catalina.core.AprLifecycleListener - OpenSSL successfully initialized [OpenSSL 1.1.1c  28 May 2019]
2020-04-30 10:58:49.738 [restartedMain] INFO  o.a.c.c.ContainerBase.[Tomcat].[localhost].[/blog] - Initializing Spring embedded WebApplicationContext
2020-04-30 10:58:49.738 [restartedMain] INFO  org.springframework.web.context.ContextLoader - Root WebApplicationContext: initialization completed in 520 ms
2020-04-30 10:58:50.169 [restartedMain] INFO  o.s.scheduling.concurrent.ThreadPoolTaskExecutor - Initializing ExecutorService 'applicationTaskExecutor'
2020-04-30 10:58:50.211 [restartedMain] INFO  o.s.b.a.web.servlet.WelcomePageHandlerMapping - Adding welcome page template: index
2020-04-30 10:58:50.497 [restartedMain] INFO  o.s.b.d.autoconfigure.OptionalLiveReloadServer - LiveReload server is running on port 35729
2020-04-30 10:58:50.526 [restartedMain] INFO  o.s.boot.web.embedded.tomcat.TomcatWebServer - Tomcat started on port(s): 8080 (http) with context path '/blog'
2020-04-30 10:58:50.526 [restartedMain] INFO  xyz.worldzhile.blog.BlogApplication - Started BlogApplication in 1.358 seconds (JVM running for 114.333)
2020-04-30 10:58:50.527 [restartedMain] INFO  o.s.b.d.a.ConditionEvaluationDeltaLoggingListener - Condition evaluation unchanged
2020-04-30 10:58:54.623 [Thread-18] INFO  o.s.scheduling.concurrent.ThreadPoolTaskExecutor - Shutting down ExecutorService 'applicationTaskExecutor'
2020-04-30 10:58:54.623 [Thread-18] INFO  com.alibaba.druid.pool.DruidDataSource - {dataSource-0} closing ...
2020-04-30 10:58:55.209 [restartedMain] INFO  xyz.worldzhile.blog.BlogApplication - Starting BlogApplication on WIN7-2020USUYFG with PID 1408 (D:\IdeaProjects\blog\target\classes started by Administrator in D:\IdeaProjects\blog)
2020-04-30 10:58:55.210 [restartedMain] INFO  xyz.worldzhile.blog.BlogApplication - The following profiles are active: dev
2020-04-30 10:58:55.627 [restartedMain] INFO  o.s.boot.web.embedded.tomcat.TomcatWebServer - Tomcat initialized with port(s): 8080 (http)
2020-04-30 10:58:55.628 [restartedMain] INFO  org.apache.catalina.core.StandardService - Starting service [Tomcat]
2020-04-30 10:58:55.628 [restartedMain] INFO  org.apache.catalina.core.StandardEngine - Starting Servlet engine: [Apache Tomcat/9.0.33]
2020-04-30 10:58:55.628 [restartedMain] INFO  org.apache.catalina.core.AprLifecycleListener - Loaded APR based Apache Tomcat Native library [1.2.23] using APR version [1.7.0].
2020-04-30 10:58:55.629 [restartedMain] INFO  org.apache.catalina.core.AprLifecycleListener - APR capabilities: IPv6 [true], sendfile [true], accept filters [false], random [true].
2020-04-30 10:58:55.629 [restartedMain] INFO  org.apache.catalina.core.AprLifecycleListener - APR/OpenSSL configuration: useAprConnector [false], useOpenSSL [true]
2020-04-30 10:58:55.629 [restartedMain] INFO  org.apache.catalina.core.AprLifecycleListener - OpenSSL successfully initialized [OpenSSL 1.1.1c  28 May 2019]
2020-04-30 10:58:55.651 [restartedMain] INFO  o.a.c.c.ContainerBase.[Tomcat].[localhost].[/blog] - Initializing Spring embedded WebApplicationContext
2020-04-30 10:58:55.652 [restartedMain] INFO  org.springframework.web.context.ContextLoader - Root WebApplicationContext: initialization completed in 440 ms
2020-04-30 10:58:56.049 [restartedMain] INFO  o.s.scheduling.concurrent.ThreadPoolTaskExecutor - Initializing ExecutorService 'applicationTaskExecutor'
2020-04-30 10:58:56.090 [restartedMain] INFO  o.s.b.a.web.servlet.WelcomePageHandlerMapping - Adding welcome page template: index
2020-04-30 10:58:56.410 [restartedMain] INFO  o.s.b.d.autoconfigure.OptionalLiveReloadServer - LiveReload server is running on port 35729
2020-04-30 10:58:56.442 [restartedMain] INFO  o.s.boot.web.embedded.tomcat.TomcatWebServer - Tomcat started on port(s): 8080 (http) with context path '/blog'
2020-04-30 10:58:56.443 [restartedMain] INFO  xyz.worldzhile.blog.BlogApplication - Started BlogApplication in 1.261 seconds (JVM running for 120.25)
2020-04-30 10:58:56.444 [restartedMain] INFO  o.s.b.d.a.ConditionEvaluationDeltaLoggingListener - Condition evaluation unchanged
2020-04-30 10:59:00.267 [Thread-23] INFO  o.s.scheduling.concurrent.ThreadPoolTaskExecutor - Shutting down ExecutorService 'applicationTaskExecutor'
2020-04-30 10:59:00.268 [Thread-23] INFO  com.alibaba.druid.pool.DruidDataSource - {dataSource-0} closing ...
2020-04-30 10:59:00.629 [restartedMain] INFO  xyz.worldzhile.blog.BlogApplication - Starting BlogApplication on WIN7-2020USUYFG with PID 1408 (D:\IdeaProjects\blog\target\classes started by Administrator in D:\IdeaProjects\blog)
2020-04-30 10:59:00.629 [restartedMain] INFO  xyz.worldzhile.blog.BlogApplication - The following profiles are active: dev
2020-04-30 10:59:01.081 [restartedMain] INFO  o.s.boot.web.embedded.tomcat.TomcatWebServer - Tomcat initialized with port(s): 8080 (http)
2020-04-30 10:59:01.082 [restartedMain] INFO  org.apache.catalina.core.StandardService - Starting service [Tomcat]
2020-04-30 10:59:01.082 [restartedMain] INFO  org.apache.catalina.core.StandardEngine - Starting Servlet engine: [Apache Tomcat/9.0.33]
2020-04-30 10:59:01.083 [restartedMain] INFO  org.apache.catalina.core.AprLifecycleListener - Loaded APR based Apache Tomcat Native library [1.2.23] using APR version [1.7.0].
2020-04-30 10:59:01.083 [restartedMain] INFO  org.apache.catalina.core.AprLifecycleListener - APR capabilities: IPv6 [true], sendfile [true], accept filters [false], random [true].
2020-04-30 10:59:01.083 [restartedMain] INFO  org.apache.catalina.core.AprLifecycleListener - APR/OpenSSL configuration: useAprConnector [false], useOpenSSL [true]
2020-04-30 10:59:01.083 [restartedMain] INFO  org.apache.catalina.core.AprLifecycleListener - OpenSSL successfully initialized [OpenSSL 1.1.1c  28 May 2019]
2020-04-30 10:59:01.103 [restartedMain] INFO  o.a.c.c.ContainerBase.[Tomcat].[localhost].[/blog] - Initializing Spring embedded WebApplicationContext
2020-04-30 10:59:01.103 [restartedMain] INFO  org.springframework.web.context.ContextLoader - Root WebApplicationContext: initialization completed in 472 ms
2020-04-30 10:59:01.438 [restartedMain] INFO  o.s.scheduling.concurrent.ThreadPoolTaskExecutor - Initializing ExecutorService 'applicationTaskExecutor'
2020-04-30 10:59:01.479 [restartedMain] INFO  o.s.b.a.web.servlet.WelcomePageHandlerMapping - Adding welcome page template: index
2020-04-30 10:59:01.759 [restartedMain] INFO  o.s.b.d.autoconfigure.OptionalLiveReloadServer - LiveReload server is running on port 35729
2020-04-30 10:59:01.789 [restartedMain] INFO  o.s.boot.web.embedded.tomcat.TomcatWebServer - Tomcat started on port(s): 8080 (http) with context path '/blog'
2020-04-30 10:59:01.789 [restartedMain] INFO  xyz.worldzhile.blog.BlogApplication - Started BlogApplication in 1.187 seconds (JVM running for 125.596)
2020-04-30 10:59:01.790 [restartedMain] INFO  o.s.b.d.a.ConditionEvaluationDeltaLoggingListener - Condition evaluation unchanged
2020-04-30 10:59:06.684 [http-nio-8080-exec-2] INFO  o.a.c.c.ContainerBase.[Tomcat].[localhost].[/blog] - Initializing Spring DispatcherServlet 'dispatcherServlet'
2020-04-30 10:59:06.686 [http-nio-8080-exec-2] INFO  org.springframework.web.servlet.DispatcherServlet - Initializing Servlet 'dispatcherServlet'
2020-04-30 10:59:06.700 [http-nio-8080-exec-2] INFO  org.springframework.web.servlet.DispatcherServlet - Completed initialization in 14 ms
2020-04-30 10:59:06.716 [http-nio-8080-exec-2] INFO  xyz.worldzhile.blog.aspect.LogAspect - doBefore : LogAspect.RequestLog(url=http://localhost:8080/blog/, ip=0:0:0:0:0:0:0:1, classMethod=xyz.worldzhile.blog.controller.IndexController.toIndex, args=[])
2020-04-30 10:59:06.721 [http-nio-8080-exec-2] INFO  xyz.worldzhile.blog.aspect.LogAspect - Result : redirect:/index/1/6
2020-04-30 10:59:06.750 [http-nio-8080-exec-3] INFO  xyz.worldzhile.blog.aspect.LogAspect - doBefore : LogAspect.RequestLog(url=http://localhost:8080/blog/index/1/6, ip=0:0:0:0:0:0:0:1, classMethod=xyz.worldzhile.blog.controller.IndexController.toIndex, args=[1, 6, {}])
2020-04-30 10:59:06.807 [http-nio-8080-exec-3] INFO  com.alibaba.druid.pool.DruidDataSource - {dataSource-1} inited
2020-04-30 10:59:07.412 [http-nio-8080-exec-3] INFO  xyz.worldzhile.blog.aspect.LogAspect - Result : index
2020-04-30 10:59:08.024 [http-nio-8080-exec-6] INFO  xyz.worldzhile.blog.aspect.LogAspect - doBefore : LogAspect.RequestLog(url=http://localhost:8080/blog/hotBlogs, ip=0:0:0:0:0:0:0:1, classMethod=xyz.worldzhile.blog.controller.IndexController.toHotBlogs, args=[{}])
2020-04-30 10:59:08.027 [http-nio-8080-exec-6] INFO  xyz.worldzhile.blog.aspect.LogAspect - Result : common::hotBlogList
2020-04-30 10:59:15.506 [http-nio-8080-exec-7] INFO  xyz.worldzhile.blog.aspect.LogAspect - doBefore : LogAspect.RequestLog(url=http://localhost:8080/blog/index, ip=0:0:0:0:0:0:0:1, classMethod=xyz.worldzhile.blog.controller.IndexController.toIndex, args=[])
2020-04-30 10:59:15.507 [http-nio-8080-exec-7] INFO  xyz.worldzhile.blog.aspect.LogAspect - Result : redirect:/index/1/6
2020-04-30 10:59:15.513 [http-nio-8080-exec-1] INFO  xyz.worldzhile.blog.aspect.LogAspect - doBefore : LogAspect.RequestLog(url=http://localhost:8080/blog/index/1/6, ip=0:0:0:0:0:0:0:1, classMethod=xyz.worldzhile.blog.controller.IndexController.toIndex, args=[1, 6, {}])
2020-04-30 10:59:15.538 [http-nio-8080-exec-1] INFO  xyz.worldzhile.blog.aspect.LogAspect - Result : index
2020-04-30 11:01:10.923 [http-nio-8080-exec-10] INFO  xyz.worldzhile.blog.aspect.LogAspect - doBefore : LogAspect.RequestLog(url=http://localhost:8080/blog/, ip=0:0:0:0:0:0:0:1, classMethod=xyz.worldzhile.blog.controller.IndexController.toIndex, args=[])
2020-04-30 11:01:10.923 [http-nio-8080-exec-10] INFO  xyz.worldzhile.blog.aspect.LogAspect - Result : redirect:/index/1/6
2020-04-30 11:01:11.145 [http-nio-8080-exec-10] INFO  xyz.worldzhile.blog.aspect.LogAspect - doBefore : LogAspect.RequestLog(url=http://localhost:8080/blog/hotBlogs, ip=127.0.0.1, classMethod=xyz.worldzhile.blog.controller.IndexController.toHotBlogs, args=[{}])
2020-04-30 11:01:11.155 [http-nio-8080-exec-10] INFO  xyz.worldzhile.blog.aspect.LogAspect - Result : common::hotBlogList
2020-04-30 11:01:20.225 [http-nio-8080-exec-10] INFO  xyz.worldzhile.blog.aspect.LogAspect - doBefore : LogAspect.RequestLog(url=http://localhost:8080/blog/index/1/6, ip=0:0:0:0:0:0:0:1, classMethod=xyz.worldzhile.blog.controller.IndexController.toIndex, args=[1, 6, {}])
2020-04-30 11:01:20.244 [http-nio-8080-exec-10] INFO  xyz.worldzhile.blog.aspect.LogAspect - Result : index
2020-04-30 11:01:20.356 [http-nio-8080-exec-8] INFO  xyz.worldzhile.blog.aspect.LogAspect - doBefore : LogAspect.RequestLog(url=http://localhost:8080/blog/hotBlogs, ip=0:0:0:0:0:0:0:1, classMethod=xyz.worldzhile.blog.controller.IndexController.toHotBlogs, args=[{}])
2020-04-30 11:01:20.360 [http-nio-8080-exec-8] INFO  xyz.worldzhile.blog.aspect.LogAspect - Result : common::hotBlogList
2020-04-30 11:02:12.346 [Thread-28] INFO  o.s.scheduling.concurrent.ThreadPoolTaskExecutor - Shutting down ExecutorService 'applicationTaskExecutor'
2020-04-30 11:02:12.347 [Thread-28] INFO  com.alibaba.druid.pool.DruidDataSource - {dataSource-1} closing ...
2020-04-30 11:02:12.349 [Thread-28] INFO  com.alibaba.druid.pool.DruidDataSource - {dataSource-1} closed
2020-04-30 11:02:12.677 [restartedMain] INFO  xyz.worldzhile.blog.BlogApplication - Starting BlogApplication on WIN7-2020USUYFG with PID 1408 (D:\IdeaProjects\blog\target\classes started by Administrator in D:\IdeaProjects\blog)
2020-04-30 11:02:12.678 [restartedMain] INFO  xyz.worldzhile.blog.BlogApplication - The following profiles are active: dev
2020-04-30 11:02:13.029 [restartedMain] INFO  o.s.boot.web.embedded.tomcat.TomcatWebServer - Tomcat initialized with port(s): 8080 (http)
2020-04-30 11:02:13.030 [restartedMain] INFO  org.apache.catalina.core.StandardService - Starting service [Tomcat]
2020-04-30 11:02:13.030 [restartedMain] INFO  org.apache.catalina.core.StandardEngine - Starting Servlet engine: [Apache Tomcat/9.0.33]
2020-04-30 11:02:13.030 [restartedMain] INFO  org.apache.catalina.core.AprLifecycleListener - Loaded APR based Apache Tomcat Native library [1.2.23] using APR version [1.7.0].
2020-04-30 11:02:13.030 [restartedMain] INFO  org.apache.catalina.core.AprLifecycleListener - APR capabilities: IPv6 [true], sendfile [true], accept filters [false], random [true].
2020-04-30 11:02:13.031 [restartedMain] INFO  org.apache.catalina.core.AprLifecycleListener - APR/OpenSSL configuration: useAprConnector [false], useOpenSSL [true]
2020-04-30 11:02:13.031 [restartedMain] INFO  org.apache.catalina.core.AprLifecycleListener - OpenSSL successfully initialized [OpenSSL 1.1.1c  28 May 2019]
2020-04-30 11:02:13.052 [restartedMain] INFO  o.a.c.c.ContainerBase.[Tomcat].[localhost].[/blog] - Initializing Spring embedded WebApplicationContext
2020-04-30 11:02:13.053 [restartedMain] INFO  org.springframework.web.context.ContextLoader - Root WebApplicationContext: initialization completed in 374 ms
2020-04-30 11:02:13.373 [restartedMain] INFO  o.s.scheduling.concurrent.ThreadPoolTaskExecutor - Initializing ExecutorService 'applicationTaskExecutor'
2020-04-30 11:02:13.410 [restartedMain] INFO  o.s.b.a.web.servlet.WelcomePageHandlerMapping - Adding welcome page template: index
2020-04-30 11:02:13.665 [restartedMain] INFO  o.s.b.d.autoconfigure.OptionalLiveReloadServer - LiveReload server is running on port 35729
2020-04-30 11:02:13.695 [restartedMain] INFO  o.s.boot.web.embedded.tomcat.TomcatWebServer - Tomcat started on port(s): 8080 (http) with context path '/blog'
2020-04-30 11:02:13.696 [restartedMain] INFO  xyz.worldzhile.blog.BlogApplication - Started BlogApplication in 1.043 seconds (JVM running for 317.499)
2020-04-30 11:02:13.697 [restartedMain] INFO  o.s.b.d.a.ConditionEvaluationDeltaLoggingListener - Condition evaluation unchanged
2020-04-30 11:02:21.114 [http-nio-8080-exec-4] INFO  o.a.c.c.ContainerBase.[Tomcat].[localhost].[/blog] - Initializing Spring DispatcherServlet 'dispatcherServlet'
2020-04-30 11:02:21.115 [http-nio-8080-exec-4] INFO  org.springframework.web.servlet.DispatcherServlet - Initializing Servlet 'dispatcherServlet'
2020-04-30 11:02:21.126 [http-nio-8080-exec-4] INFO  org.springframework.web.servlet.DispatcherServlet - Completed initialization in 11 ms
2020-04-30 11:02:21.133 [http-nio-8080-exec-4] INFO  xyz.worldzhile.blog.aspect.LogAspect - doBefore : LogAspect.RequestLog(url=http://localhost:8080/blog/index/1/6, ip=0:0:0:0:0:0:0:1, classMethod=xyz.worldzhile.blog.controller.IndexController.toIndex, args=[1, 6, {}])
2020-04-30 11:02:21.141 [http-nio-8080-exec-4] INFO  com.alibaba.druid.pool.DruidDataSource - {dataSource-2} inited
2020-04-30 11:02:21.825 [http-nio-8080-exec-4] INFO  xyz.worldzhile.blog.aspect.LogAspect - Result : index
2020-04-30 11:02:22.013 [http-nio-8080-exec-5] INFO  xyz.worldzhile.blog.aspect.LogAspect - doBefore : LogAspect.RequestLog(url=http://localhost:8080/blog/hotBlogs, ip=0:0:0:0:0:0:0:1, classMethod=xyz.worldzhile.blog.controller.IndexController.toHotBlogs, args=[{}])
2020-04-30 11:02:22.047 [http-nio-8080-exec-5] INFO  xyz.worldzhile.blog.aspect.LogAspect - Result : common::hotBlogList
2020-04-30 11:02:28.885 [http-nio-8080-exec-6] INFO  org.apache.coyote.http11.Http11Processor - Error parsing HTTP request header
 Note: further occurrences of HTTP request parsing errors will be logged at DEBUG level.
java.lang.IllegalArgumentException: Invalid character found in the request target. The valid characters are defined in RFC 7230 and RFC 3986
	at org.apache.coyote.http11.Http11InputBuffer.parseRequestLine(Http11InputBuffer.java:488) ~[tomcat-embed-core-9.0.33.jar:9.0.33]
	at org.apache.coyote.http11.Http11Processor.service(Http11Processor.java:260) ~[tomcat-embed-core-9.0.33.jar:9.0.33]
	at org.apache.coyote.AbstractProcessorLight.process(AbstractProcessorLight.java:65) [tomcat-embed-core-9.0.33.jar:9.0.33]
	at org.apache.coyote.AbstractProtocol$ConnectionHandler.process(AbstractProtocol.java:868) [tomcat-embed-core-9.0.33.jar:9.0.33]
	at org.apache.tomcat.util.net.NioEndpoint$SocketProcessor.doRun(NioEndpoint.java:1594) [tomcat-embed-core-9.0.33.jar:9.0.33]
	at org.apache.tomcat.util.net.SocketProcessorBase.run(SocketProcessorBase.java:49) [tomcat-embed-core-9.0.33.jar:9.0.33]
	at java.util.concurrent.ThreadPoolExecutor.runWorker(ThreadPoolExecutor.java:1149) [na:1.8.0_231]
	at java.util.concurrent.ThreadPoolExecutor$Worker.run(ThreadPoolExecutor.java:624) [na:1.8.0_231]
	at org.apache.tomcat.util.threads.TaskThread$WrappingRunnable.run(TaskThread.java:61) [tomcat-embed-core-9.0.33.jar:9.0.33]
	at java.lang.Thread.run(Thread.java:748) [na:1.8.0_231]
2020-04-30 11:03:54.687 [http-nio-8080-exec-8] INFO  xyz.worldzhile.blog.aspect.LogAspect - doBefore : LogAspect.RequestLog(url=http://localhost:8080/blog/index/1/6, ip=0:0:0:0:0:0:0:1, classMethod=xyz.worldzhile.blog.controller.IndexController.toIndex, args=[1, 6, {}])
2020-04-30 11:03:54.980 [http-nio-8080-exec-8] INFO  xyz.worldzhile.blog.aspect.LogAspect - Result : index
2020-04-30 11:03:55.095 [http-nio-8080-exec-2] INFO  xyz.worldzhile.blog.aspect.LogAspect - doBefore : LogAspect.RequestLog(url=http://localhost:8080/blog/hotBlogs, ip=0:0:0:0:0:0:0:1, classMethod=xyz.worldzhile.blog.controller.IndexController.toHotBlogs, args=[{}])
2020-04-30 11:03:55.128 [http-nio-8080-exec-2] INFO  xyz.worldzhile.blog.aspect.LogAspect - Result : common::hotBlogList
2020-04-30 11:04:22.729 [Thread-33] INFO  o.s.scheduling.concurrent.ThreadPoolTaskExecutor - Shutting down ExecutorService 'applicationTaskExecutor'
2020-04-30 11:04:22.729 [Thread-33] INFO  com.alibaba.druid.pool.DruidDataSource - {dataSource-2} closing ...
2020-04-30 11:04:22.730 [Thread-33] INFO  com.alibaba.druid.pool.DruidDataSource - {dataSource-2} closed
2020-04-30 11:04:23.054 [restartedMain] INFO  xyz.worldzhile.blog.BlogApplication - Starting BlogApplication on WIN7-2020USUYFG with PID 1408 (D:\IdeaProjects\blog\target\classes started by Administrator in D:\IdeaProjects\blog)
2020-04-30 11:04:23.054 [restartedMain] INFO  xyz.worldzhile.blog.BlogApplication - The following profiles are active: dev
2020-04-30 11:04:23.435 [restartedMain] INFO  o.s.boot.web.embedded.tomcat.TomcatWebServer - Tomcat initialized with port(s): 8080 (http)
2020-04-30 11:04:23.436 [restartedMain] INFO  org.apache.catalina.core.StandardService - Starting service [Tomcat]
2020-04-30 11:04:23.436 [restartedMain] INFO  org.apache.catalina.core.StandardEngine - Starting Servlet engine: [Apache Tomcat/9.0.33]
2020-04-30 11:04:23.437 [restartedMain] INFO  org.apache.catalina.core.AprLifecycleListener - Loaded APR based Apache Tomcat Native library [1.2.23] using APR version [1.7.0].
2020-04-30 11:04:23.437 [restartedMain] INFO  org.apache.catalina.core.AprLifecycleListener - APR capabilities: IPv6 [true], sendfile [true], accept filters [false], random [true].
2020-04-30 11:04:23.437 [restartedMain] INFO  org.apache.catalina.core.AprLifecycleListener - APR/OpenSSL configuration: useAprConnector [false], useOpenSSL [true]
2020-04-30 11:04:23.437 [restartedMain] INFO  org.apache.catalina.core.AprLifecycleListener - OpenSSL successfully initialized [OpenSSL 1.1.1c  28 May 2019]
2020-04-30 11:04:23.460 [restartedMain] INFO  o.a.c.c.ContainerBase.[Tomcat].[localhost].[/blog] - Initializing Spring embedded WebApplicationContext
2020-04-30 11:04:23.461 [restartedMain] INFO  org.springframework.web.context.ContextLoader - Root WebApplicationContext: initialization completed in 404 ms
2020-04-30 11:04:23.785 [restartedMain] INFO  o.s.scheduling.concurrent.ThreadPoolTaskExecutor - Initializing ExecutorService 'applicationTaskExecutor'
2020-04-30 11:04:23.825 [restartedMain] INFO  o.s.b.a.web.servlet.WelcomePageHandlerMapping - Adding welcome page template: index
2020-04-30 11:04:24.079 [restartedMain] INFO  o.s.b.d.autoconfigure.OptionalLiveReloadServer - LiveReload server is running on port 35729
2020-04-30 11:04:24.110 [restartedMain] INFO  o.s.boot.web.embedded.tomcat.TomcatWebServer - Tomcat started on port(s): 8080 (http) with context path '/blog'
2020-04-30 11:04:24.111 [restartedMain] INFO  xyz.worldzhile.blog.BlogApplication - Started BlogApplication in 1.082 seconds (JVM running for 447.911)
2020-04-30 11:04:24.112 [restartedMain] INFO  o.s.b.d.a.ConditionEvaluationDeltaLoggingListener - Condition evaluation unchanged
